{"event": "import_started", "resume": true}
{"event": "download_started", "source": "https://github.com/tradingcarddex/Pokemon-Card-CSV/archive/refs/heads/main.zip"}
{"event": "download_completed", "csv_files": 172, "elapsed_seconds": 2.56}
{"event": "db_connect_started"}
{"event": "db_connect_completed", "elapsed_seconds": 4.63}
{"event": "set_mappings_loaded", "count": 180, "imported_source_files": 74, "elapsed_seconds": 5.77}
{"event": "file_skipped", "progress_files": "1/172", "current_file": "Pokemon-Base-Set-2.csv"}
{"event": "file_skipped", "progress_files": "2/172", "current_file": "Pokemon-Base.csv"}
{"event": "file_skipped", "progress_files": "3/172", "current_file": "Pokemon-Fossil.csv"}
{"event": "file_skipped", "progress_files": "4/172", "current_file": "Pokemon-Jungle.csv"}
{"event": "file_skipped", "progress_files": "5/172", "current_file": "Pokemon-Team-Rocket.csv"}
{"event": "file_skipped", "progress_files": "6/172", "current_file": "Pokemon-Wizards-Black-Star-Promos.csv"}
{"event": "file_skipped", "progress_files": "7/172", "current_file": "Pokemon-BW-Black-Star-Promos.csv"}
{"event": "file_skipped", "progress_files": "8/172", "current_file": "Pokemon-Black-and-White.csv"}
{"event": "file_skipped", "progress_files": "9/172", "current_file": "Pokemon-Boundaries-Crossed.csv"}
{"event": "file_skipped", "progress_files": "10/172", "current_file": "Pokemon-Dark-Explorers.csv"}
{"event": "file_skipped", "progress_files": "11/172", "current_file": "Pokemon-Dragon-Vault.csv"}
{"event": "file_skipped", "progress_files": "12/172", "current_file": "Pokemon-Dragons-Exalted.csv"}
{"event": "file_skipped", "progress_files": "13/172", "current_file": "Pokemon-Emerging-Powers.csv"}
{"event": "file_skipped", "progress_files": "14/172", "current_file": "Pokemon-Legendary-Treasures.csv"}
{"event": "file_skipped", "progress_files": "15/172", "current_file": "Pokemon-Next-Destinies.csv"}
{"event": "file_skipped", "progress_files": "16/172", "current_file": "Pokemon-Noble-Victories.csv"}
{"event": "file_skipped", "progress_files": "17/172", "current_file": "Pokemon-Plasma-Blast.csv"}
{"event": "file_skipped", "progress_files": "18/172", "current_file": "Pokemon-Plasma-Freeze.csv"}
{"event": "file_skipped", "progress_files": "19/172", "current_file": "Pokemon-Plasma-Storm.csv"}
{"event": "file_skipped", "progress_files": "20/172", "current_file": "Pokemon-DP-Black-Star-Promos.csv"}
{"event": "file_skipped", "progress_files": "21/172", "current_file": "Pokemon-Diamond-and-Pearl.csv"}
{"event": "file_skipped", "progress_files": "22/172", "current_file": "Pokemon-Great-Encounters.csv"}
{"event": "file_skipped", "progress_files": "23/172", "current_file": "Pokemon-Legends-Awakened.csv"}
{"event": "file_skipped", "progress_files": "24/172", "current_file": "Pokemon-Majestic-Dawn.csv"}
{"event": "file_skipped", "progress_files": "25/172", "current_file": "Pokemon-Mysterious-Treasures.csv"}
{"event": "file_skipped", "progress_files": "26/172", "current_file": "Pokemon-Secret-Wonders.csv"}
{"event": "file_skipped", "progress_files": "27/172", "current_file": "Pokemon-Stormfront.csv"}
{"event": "file_skipped", "progress_files": "28/172", "current_file": "Pokemon-Aquapolis.csv"}
{"event": "file_skipped", "progress_files": "29/172", "current_file": "Pokemon-Expedition-Base-Set.csv"}
{"event": "file_skipped", "progress_files": "30/172", "current_file": "Pokemon-Skyridge.csv"}
{"event": "file_skipped", "progress_files": "31/172", "current_file": "Pokemon-Crystal-Guardians.csv"}
{"event": "file_skipped", "progress_files": "32/172", "current_file": "Pokemon-Delta-Species.csv"}
{"event": "file_skipped", "progress_files": "33/172", "current_file": "Pokemon-Deoxys.csv"}
{"event": "file_skipped", "progress_files": "34/172", "current_file": "Pokemon-Dragon-Frontiers.csv"}
{"event": "file_skipped", "progress_files": "35/172", "current_file": "Pokemon-Dragon.csv"}
{"event": "file_skipped", "progress_files": "36/172", "current_file": "Pokemon-EX-Trainer-Kit-2-Minun.csv"}
{"event": "file_skipped", "progress_files": "37/172", "current_file": "Pokemon-EX-Trainer-Kit-2-Plusle.csv"}
{"event": "file_skipped", "progress_files": "38/172", "current_file": "Pokemon-EX-Trainer-Kit-Latias.csv"}
{"event": "file_skipped", "progress_files": "39/172", "current_file": "Pokemon-EX-Trainer-Kit-Latios.csv"}
{"event": "file_skipped", "progress_files": "40/172", "current_file": "Pokemon-Emerald.csv"}
{"event": "file_skipped", "progress_files": "41/172", "current_file": "Pokemon-FireRed-and-LeafGreen.csv"}
{"event": "file_skipped", "progress_files": "42/172", "current_file": "Pokemon-Hidden-Legends.csv"}
{"event": "file_skipped", "progress_files": "43/172", "current_file": "Pokemon-Holon-Phantoms.csv"}
{"event": "file_skipped", "progress_files": "44/172", "current_file": "Pokemon-Legend-Maker.csv"}
{"event": "file_skipped", "progress_files": "45/172", "current_file": "Pokemon-Power-Keepers.csv"}
{"event": "file_skipped", "progress_files": "46/172", "current_file": "Pokemon-Ruby-and-Sapphire.csv"}
{"event": "file_skipped", "progress_files": "47/172", "current_file": "Pokemon-Sandstorm.csv"}
{"event": "file_skipped", "progress_files": "48/172", "current_file": "Pokemon-Team-Magma-vs-Team-Aqua.csv"}
{"event": "file_skipped", "progress_files": "49/172", "current_file": "Pokemon-Team-Rocket-Returns.csv"}
{"event": "file_skipped", "progress_files": "50/172", "current_file": "Pokemon-Unseen-Forces.csv"}
{"event": "file_skipped", "progress_files": "51/172", "current_file": "Pokemon-Gym-Challenge.csv"}
{"event": "file_skipped", "progress_files": "52/172", "current_file": "Pokemon-Gym-Heroes.csv"}
{"event": "file_skipped", "progress_files": "53/172", "current_file": "Pokemon-Call-of-Legends.csv"}
{"event": "file_skipped", "progress_files": "54/172", "current_file": "Pokemon-HGSS-Black-Star-Promos.csv"}
{"event": "file_skipped", "progress_files": "55/172", "current_file": "Pokemon-HSTriumphant.csv"}
{"event": "file_skipped", "progress_files": "56/172", "current_file": "Pokemon-HSUndaunted.csv"}
{"event": "file_skipped", "progress_files": "57/172", "current_file": "Pokemon-HSUnleashed.csv"}
{"event": "file_skipped", "progress_files": "58/172", "current_file": "Pokemon-HeartGold-and-SoulSilver.csv"}
{"event": "file_skipped", "progress_files": "59/172", "current_file": "Pokemon-Ascended-Heroes.csv"}
{"event": "file_skipped", "progress_files": "60/172", "current_file": "Pokemon-Mega-Evolution.csv"}
{"event": "file_skipped", "progress_files": "61/172", "current_file": "Pokemon-Perfect-Order.csv"}
{"event": "file_skipped", "progress_files": "62/172", "current_file": "Pokemon-Phantasmal-Flames.csv"}
{"event": "file_skipped", "progress_files": "63/172", "current_file": "Pokemon-Nintendo-Black-Star-Promos.csv"}
{"event": "file_skipped", "progress_files": "64/172", "current_file": "Pokemon-Neo-Destiny.csv"}
{"event": "file_skipped", "progress_files": "65/172", "current_file": "Pokemon-Neo-Discovery.csv"}
{"event": "file_skipped", "progress_files": "66/172", "current_file": "Pokemon-Neo-Genesis.csv"}
{"event": "file_skipped", "progress_files": "67/172", "current_file": "Pokemon-Neo-Revelation.csv"}
{"event": "file_skipped", "progress_files": "68/172", "current_file": "Pokemon-Best-of-Game.csv"}
{"event": "file_skipped", "progress_files": "69/172", "current_file": "Pokemon-Futsal-Collection.csv"}
{"event": "file_skipped", "progress_files": "70/172", "current_file": "Pokemon-Legendary-Collection.csv"}
{"event": "file_skipped", "progress_files": "71/172", "current_file": "Pokemon-McDonalds-Collection-2011.csv"}
{"event": "file_skipped", "progress_files": "72/172", "current_file": "Pokemon-McDonalds-Collection-2012.csv"}
{"event": "file_skipped", "progress_files": "73/172", "current_file": "Pokemon-McDonalds-Collection-2014.csv"}
{"event": "file_skipped", "progress_files": "74/172", "current_file": "Pokemon-McDonalds-Collection-2015.csv"}
=== resume pass 1 ===
{"event": "import_started", "resume": true}
{"event": "download_started", "source": "https://github.com/tradingcarddex/Pokemon-Card-CSV/archive/refs/heads/main.zip"}
{"event": "download_completed", "csv_files": 172, "elapsed_seconds": 1.99}
{"event": "db_connect_started"}
{"event": "db_connect_completed", "elapsed_seconds": 3.79}
{"event": "set_mappings_loaded", "count": 180, "imported_source_files": 75, "elapsed_seconds": 4.99}
{"event": "file_skipped", "progress_files": "1/172", "current_file": "Pokemon-Base-Set-2.csv"}
{"event": "file_skipped", "progress_files": "2/172", "current_file": "Pokemon-Base.csv"}
{"event": "file_skipped", "progress_files": "3/172", "current_file": "Pokemon-Fossil.csv"}
{"event": "file_skipped", "progress_files": "4/172", "current_file": "Pokemon-Jungle.csv"}
{"event": "file_skipped", "progress_files": "5/172", "current_file": "Pokemon-Team-Rocket.csv"}
{"event": "file_skipped", "progress_files": "6/172", "current_file": "Pokemon-Wizards-Black-Star-Promos.csv"}
{"event": "file_skipped", "progress_files": "7/172", "current_file": "Pokemon-BW-Black-Star-Promos.csv"}
{"event": "file_skipped", "progress_files": "8/172", "current_file": "Pokemon-Black-and-White.csv"}
{"event": "file_skipped", "progress_files": "9/172", "current_file": "Pokemon-Boundaries-Crossed.csv"}
{"event": "file_skipped", "progress_files": "10/172", "current_file": "Pokemon-Dark-Explorers.csv"}
{"event": "file_skipped", "progress_files": "11/172", "current_file": "Pokemon-Dragon-Vault.csv"}
{"event": "file_skipped", "progress_files": "12/172", "current_file": "Pokemon-Dragons-Exalted.csv"}
{"event": "file_skipped", "progress_files": "13/172", "current_file": "Pokemon-Emerging-Powers.csv"}
{"event": "file_skipped", "progress_files": "14/172", "current_file": "Pokemon-Legendary-Treasures.csv"}
{"event": "file_skipped", "progress_files": "15/172", "current_file": "Pokemon-Next-Destinies.csv"}
{"event": "file_skipped", "progress_files": "16/172", "current_file": "Pokemon-Noble-Victories.csv"}
{"event": "file_skipped", "progress_files": "17/172", "current_file": "Pokemon-Plasma-Blast.csv"}
{"event": "file_skipped", "progress_files": "18/172", "current_file": "Pokemon-Plasma-Freeze.csv"}
{"event": "file_skipped", "progress_files": "19/172", "current_file": "Pokemon-Plasma-Storm.csv"}
{"event": "file_skipped", "progress_files": "20/172", "current_file": "Pokemon-DP-Black-Star-Promos.csv"}
{"event": "file_skipped", "progress_files": "21/172", "current_file": "Pokemon-Diamond-and-Pearl.csv"}
{"event": "file_skipped", "progress_files": "22/172", "current_file": "Pokemon-Great-Encounters.csv"}
{"event": "file_skipped", "progress_files": "23/172", "current_file": "Pokemon-Legends-Awakened.csv"}
{"event": "file_skipped", "progress_files": "24/172", "current_file": "Pokemon-Majestic-Dawn.csv"}
{"event": "file_skipped", "progress_files": "25/172", "current_file": "Pokemon-Mysterious-Treasures.csv"}
{"event": "file_skipped", "progress_files": "26/172", "current_file": "Pokemon-Secret-Wonders.csv"}
{"event": "file_skipped", "progress_files": "27/172", "current_file": "Pokemon-Stormfront.csv"}
{"event": "file_skipped", "progress_files": "28/172", "current_file": "Pokemon-Aquapolis.csv"}
{"event": "file_skipped", "progress_files": "29/172", "current_file": "Pokemon-Expedition-Base-Set.csv"}
{"event": "file_skipped", "progress_files": "30/172", "current_file": "Pokemon-Skyridge.csv"}
{"event": "file_skipped", "progress_files": "31/172", "current_file": "Pokemon-Crystal-Guardians.csv"}
{"event": "file_skipped", "progress_files": "32/172", "current_file": "Pokemon-Delta-Species.csv"}
{"event": "file_skipped", "progress_files": "33/172", "current_file": "Pokemon-Deoxys.csv"}
{"event": "file_skipped", "progress_files": "34/172", "current_file": "Pokemon-Dragon-Frontiers.csv"}
{"event": "file_skipped", "progress_files": "35/172", "current_file": "Pokemon-Dragon.csv"}
{"event": "file_skipped", "progress_files": "36/172", "current_file": "Pokemon-EX-Trainer-Kit-2-Minun.csv"}
{"event": "file_skipped", "progress_files": "37/172", "current_file": "Pokemon-EX-Trainer-Kit-2-Plusle.csv"}
{"event": "file_skipped", "progress_files": "38/172", "current_file": "Pokemon-EX-Trainer-Kit-Latias.csv"}
{"event": "file_skipped", "progress_files": "39/172", "current_file": "Pokemon-EX-Trainer-Kit-Latios.csv"}
{"event": "file_skipped", "progress_files": "40/172", "current_file": "Pokemon-Emerald.csv"}
{"event": "file_skipped", "progress_files": "41/172", "current_file": "Pokemon-FireRed-and-LeafGreen.csv"}
{"event": "file_skipped", "progress_files": "42/172", "current_file": "Pokemon-Hidden-Legends.csv"}
{"event": "file_skipped", "progress_files": "43/172", "current_file": "Pokemon-Holon-Phantoms.csv"}
{"event": "file_skipped", "progress_files": "44/172", "current_file": "Pokemon-Legend-Maker.csv"}
{"event": "file_skipped", "progress_files": "45/172", "current_file": "Pokemon-Power-Keepers.csv"}
{"event": "file_skipped", "progress_files": "46/172", "current_file": "Pokemon-Ruby-and-Sapphire.csv"}
{"event": "file_skipped", "progress_files": "47/172", "current_file": "Pokemon-Sandstorm.csv"}
{"event": "file_skipped", "progress_files": "48/172", "current_file": "Pokemon-Team-Magma-vs-Team-Aqua.csv"}
{"event": "file_skipped", "progress_files": "49/172", "current_file": "Pokemon-Team-Rocket-Returns.csv"}
{"event": "file_skipped", "progress_files": "50/172", "current_file": "Pokemon-Unseen-Forces.csv"}
{"event": "file_skipped", "progress_files": "51/172", "current_file": "Pokemon-Gym-Challenge.csv"}
{"event": "file_skipped", "progress_files": "52/172", "current_file": "Pokemon-Gym-Heroes.csv"}
{"event": "file_skipped", "progress_files": "53/172", "current_file": "Pokemon-Call-of-Legends.csv"}
{"event": "file_skipped", "progress_files": "54/172", "current_file": "Pokemon-HGSS-Black-Star-Promos.csv"}
{"event": "file_skipped", "progress_files": "55/172", "current_file": "Pokemon-HSTriumphant.csv"}
{"event": "file_skipped", "progress_files": "56/172", "current_file": "Pokemon-HSUndaunted.csv"}
{"event": "file_skipped", "progress_files": "57/172", "current_file": "Pokemon-HSUnleashed.csv"}
{"event": "file_skipped", "progress_files": "58/172", "current_file": "Pokemon-HeartGold-and-SoulSilver.csv"}
{"event": "file_skipped", "progress_files": "59/172", "current_file": "Pokemon-Ascended-Heroes.csv"}
{"event": "file_skipped", "progress_files": "60/172", "current_file": "Pokemon-Mega-Evolution.csv"}
{"event": "file_skipped", "progress_files": "61/172", "current_file": "Pokemon-Perfect-Order.csv"}
{"event": "file_skipped", "progress_files": "62/172", "current_file": "Pokemon-Phantasmal-Flames.csv"}
{"event": "file_skipped", "progress_files": "63/172", "current_file": "Pokemon-Nintendo-Black-Star-Promos.csv"}
{"event": "file_skipped", "progress_files": "64/172", "current_file": "Pokemon-Neo-Destiny.csv"}
{"event": "file_skipped", "progress_files": "65/172", "current_file": "Pokemon-Neo-Discovery.csv"}
{"event": "file_skipped", "progress_files": "66/172", "current_file": "Pokemon-Neo-Genesis.csv"}
{"event": "file_skipped", "progress_files": "67/172", "current_file": "Pokemon-Neo-Revelation.csv"}
{"event": "file_skipped", "progress_files": "68/172", "current_file": "Pokemon-Best-of-Game.csv"}
{"event": "file_skipped", "progress_files": "69/172", "current_file": "Pokemon-Futsal-Collection.csv"}
{"event": "file_skipped", "progress_files": "70/172", "current_file": "Pokemon-Legendary-Collection.csv"}
{"event": "file_skipped", "progress_files": "71/172", "current_file": "Pokemon-McDonalds-Collection-2011.csv"}
{"event": "file_skipped", "progress_files": "72/172", "current_file": "Pokemon-McDonalds-Collection-2012.csv"}
{"event": "file_skipped", "progress_files": "73/172", "current_file": "Pokemon-McDonalds-Collection-2014.csv"}
{"event": "file_skipped", "progress_files": "74/172", "current_file": "Pokemon-McDonalds-Collection-2015.csv"}
{"event": "file_skipped", "progress_files": "75/172", "current_file": "Pokemon-McDonalds-Collection-2016.csv"}
